{
  "RSpec": {
    "coverage": {
      "/home/jeff/evotto-test/spec/lib/args_validator_spec.rb": [
        1,
        1,
        null,
        1,
        null,
        1,
        1,
        1,
        1,
        1,
        1,
        null,
        null,
        1,
        1,
        1,
        1,
        null,
        null,
        null,
        1,
        1,
        1,
        null,
        null,
        null,
        null
      ],
      "/home/jeff/evotto-test/lib/args_validator.rb": [
        1,
        null,
        1,
        6,
        2,
        2,
        null,
        null,
        4,
        2,
        2,
        null,
        null,
        2,
        null,
        null
      ],
      "/home/jeff/evotto-test/spec/lib/user_spec.rb": [
        1,
        1,
        1,
        1,
        null,
        1,
        null,
        14,
        null,
        null,
        1,
        null,
        14,
        14,
        null,
        1,
        1,
        1,
        1,
        null,
        null,
        null,
        null,
        1,
        1,
        1,
        null,
        null,
        1,
        1,
        null,
        null,
        1,
        1,
        1,
        null,
        null,
        null,
        1,
        1,
        1,
        null,
        null,
        1,
        1,
        null,
        null,
        1,
        1,
        1,
        null,
        null,
        null,
        1,
        1,
        1,
        1,
        null,
        null,
        1,
        1,
        1,
        1,
        null,
        null,
        1,
        1,
        1,
        1,
        null,
        null,
        1,
        1,
        1,
        1,
        null,
        null,
        1,
        1,
        1,
        1,
        null,
        null,
        null,
        1,
        1,
        1,
        1,
        1,
        null,
        null,
        null,
        null,
        1,
        1,
        1,
        1,
        1,
        null,
        null,
        null,
        1,
        1,
        1,
        1,
        1,
        null,
        null,
        null,
        1,
        1,
        1,
        1,
        1,
        null,
        null,
        null,
        null
      ],
      "/home/jeff/evotto-test/lib/user.rb": [
        1,
        null,
        1,
        1,
        null,
        1,
        null,
        1,
        52,
        52,
        52,
        52,
        null,
        52,
        null,
        null,
        1,
        6,
        2,
        2,
        null,
        null,
        4,
        2,
        2,
        null,
        null,
        2,
        100,
        null,
        null,
        2,
        null,
        null,
        1,
        10,
        null,
        2,
        null,
        2,
        null,
        2,
        null,
        2,
        null,
        2,
        null,
        null,
        null,
        1,
        null,
        1,
        4,
        4,
        10,
        null,
        4,
        4,
        null,
        null,
        1,
        4,
        4,
        2,
        null,
        2,
        null,
        null,
        4,
        4,
        null,
        null,
        1,
        8,
        6,
        null,
        2,
        null,
        null,
        null,
        1,
        8,
        2,
        null,
        6,
        6,
        10,
        null,
        null,
        null,
        null
      ],
      "/home/jeff/evotto-test/lib/string.rb": [
        1,
        1,
        null,
        null,
        null,
        null,
        14,
        null,
        null
      ]
    },
    "timestamp": 1521218328
  }
}
